<?xml version="1.0" encoding="UTF-8"?>
<!-- Generated by org.testng.reporters.JUnitXMLReporter -->
<testsuite hostname="DESKTOP-O6C5HTH" ignored="0" name="Test" tests="1" failures="1" timestamp="2020-12-07T18:34:24 IST" time="18.231" errors="0">
  <testcase name="verify" time="0.005" classname="guru99.guru99_testclass">
    <failure type="java.lang.NullPointerException">
      <![CDATA[java.lang.NullPointerException
at guru99.guru99_homepage.verify_guru99_homepagetitle(guru99_homepage.java:16)
at guru99.guru99_testclass.verify(guru99_testclass.java:34)
at java.util.ArrayList.forEach(Unknown Source)
... Removed 27 stack frames]]>
    </failure>
  </testcase> <!-- verify -->
</testsuite> <!-- Test -->
